<?xml version="1.0" encoding="UTF-8"?>
<!-- Generated by org.testng.reporters.JUnitXMLReporter -->
<testsuite hostname="LAPTOP-3587CAUV" ignored="0" name="Default test" tests="10" failures="0" timestamp="2021-08-17T07:10:49 IST" time="80.532" errors="0">
  <testcase name="signupTest" time="9.879" classname="testCases.RunnerSignUp"/>
  <testcase name="signupTest" time="7.66" classname="testCases.RunnerSignUp"/>
  <testcase name="signupTest" time="7.214" classname="testCases.RunnerSignUp"/>
  <testcase name="signupTest" time="7.694" classname="testCases.RunnerSignUp"/>
  <testcase name="signupTest" time="7.388" classname="testCases.RunnerSignUp"/>
  <testcase name="signupTest" time="7.555" classname="testCases.RunnerSignUp"/>
  <testcase name="signupTest" time="7.422" classname="testCases.RunnerSignUp"/>
  <testcase name="signupTest" time="8.127" classname="testCases.RunnerSignUp"/>
  <testcase name="signupTest" time="7.76" classname="testCases.RunnerSignUp"/>
  <testcase name="signupTest" time="7.755" classname="testCases.RunnerSignUp"/>
</testsuite> <!-- Default test -->
