<?xml version="1.0" encoding="UTF-8"?>
<!-- Generated by org.testng.reporters.JUnitXMLReporter -->
<testsuite hostname="LAPTOP-3587CAUV" ignored="0" name="Hotel Booking" tests="6" failures="0" timestamp="2021-08-17T07:19:37 IST" time="139.54" errors="0">
  <testcase name="f" time="31.385" classname="testCases.RunnerHotelBooking"/>
  <testcase name="f" time="38.456" classname="testCases.RunnerHotelBooking"/>
  <testcase name="f" time="33.486" classname="testCases.RunnerHotelBooking"/>
  <testcase name="f" time="10.151" classname="testCases.RunnerHotelBooking"/>
  <testcase name="f" time="10.648" classname="testCases.RunnerHotelBooking"/>
  <testcase name="f" time="4.126" classname="testCases.RunnerHotelBooking"/>
</testsuite> <!-- Hotel Booking -->
