<?xml version="1.0" encoding="UTF-8"?>
<!-- Generated by org.testng.reporters.JUnitXMLReporter -->
<testsuite hostname="LAPTOP-3587CAUV" ignored="0" name="Return flight booking" tests="4" failures="0" timestamp="2021-08-17T07:16:08 IST" time="71.262" errors="0">
  <testcase name="f" time="47.862" classname="testCases.RunnerReturnFlight"/>
  <testcase name="f" time="4.621" classname="testCases.RunnerReturnFlight"/>
  <testcase name="f" time="6.311" classname="testCases.RunnerReturnFlight"/>
  <testcase name="f" time="4.948" classname="testCases.RunnerReturnFlight"/>
</testsuite> <!-- Return flight booking -->
