<?xml version="1.0" encoding="UTF-8"?>
<!-- Generated by org.testng.reporters.JUnitXMLReporter -->
<testsuite hostname="LAPTOP-3587CAUV" ignored="0" name="Sign in" tests="4" failures="0" timestamp="2021-08-17T07:14:15 IST" time="82.594" errors="0">
  <testcase name="f" time="32.569" classname="testCases.RunnerSignin"/>
  <testcase name="f" time="6.708" classname="testCases.RunnerSignin"/>
  <testcase name="f" time="8.422" classname="testCases.RunnerSignin"/>
  <testcase name="f" time="17.173" classname="testCases.RunnerSignin"/>
</testsuite> <!-- Sign in -->
